In file included from [01m[K/catkin_ws/src/rangenet_lib/src/netTensorRT.cpp:7[m[K:
[01m[K/catkin_ws/src/rangenet_lib/include/netTensorRT.hpp:9:10:[m[K [01;31m[Kfatal error: [m[KNvInfer.h: ê·¸ëŸ° íŒŒì¼ì´ë‚˜ ë””ë ‰í„°ë¦¬ê°€ ì—†ìŠµë‹ˆë‹¤
    9 | #include [01;31m[K<NvInfer.h>[m[K
      |          [01;31m[K^~~~~~~~~~~[m[K
compilation terminated.
make[2]: *** [CMakeFiles/rangenet_lib.dir/build.make:89: CMakeFiles/rangenet_lib.dir/src/netTensorRT.cpp.o] ì˜¤ë¥˜ 1
make[2]: *** ëë‚˜ì§€ ì•Šì€ ì‘ì—…ì„ ê¸°ë‹¤ë¦¬ê³  ìˆìŠµë‹ˆë‹¤....
In file included from [01m[K/catkin_ws/src/rangenet_lib/include/selector.hpp:16[m[K,
                 from [01m[K/catkin_ws/src/rangenet_lib/src/selector.cpp:8[m[K:
[01m[K/catkin_ws/src/rangenet_lib/include/netTensorRT.hpp:9:10:[m[K [01;31m[Kfatal error: [m[KNvInfer.h: ê·¸ëŸ° íŒŒì¼ì´ë‚˜ ë””ë ‰í„°ë¦¬ê°€ ì—†ìŠµë‹ˆë‹¤
    9 | #include [01;31m[K<NvInfer.h>[m[K
      |          [01;31m[K^~~~~~~~~~~[m[K
compilation terminated.
make[2]: *** [CMakeFiles/rangenet_lib.dir/build.make:76: CMakeFiles/rangenet_lib.dir/src/selector.cpp.o] ì˜¤ë¥˜ 1
make[1]: *** [CMakeFiles/Makefile2:335: CMakeFiles/rangenet_lib.dir/all] ì˜¤ë¥˜ 2
make: *** [Makefile:141: all] ì˜¤ë¥˜ 2
