In file included from [01m[K/catkin_ws/src/semantic_suma/src/rv/Laserscan.cpp:1[m[K:
[01m[K/catkin_ws/src/semantic_suma/src/rv/Laserscan.h:17:10:[m[K [01;31m[Kfatal error: [m[Kopencv2/core/core.hpp: ê·¸ëŸ° íŒŒì¼ì´ë‚˜ ë””ë ‰í„°ë¦¬ê°€ ì—†ìŠµë‹ˆë‹¤
   17 | #include [01;31m[K<opencv2/core/core.hpp>[m[K
      |          [01;31m[K^~~~~~~~~~~~~~~~~~~~~~~[m[K
compilation terminated.
make[2]: *** [CMakeFiles/robovision.dir/build.make:102: CMakeFiles/robovision.dir/src/rv/Laserscan.cpp.o] ì˜¤ë¥˜ 1
make[2]: *** ëë‚˜ì§€ ì•Šì€ ì‘ì—…ì„ ê¸°ë‹¤ë¦¬ê³  ìˆìŠµë‹ˆë‹¤....
make[1]: *** [CMakeFiles/Makefile2:367: CMakeFiles/robovision.dir/all] ì˜¤ë¥˜ 2
make: *** [Makefile:141: all] ì˜¤ë¥˜ 2
